<?xml version="1.0" encoding="UTF-8"?>
<!-- Generated by org.testng.reporters.JUnitReportReporter -->
<testsuite skipped="0" hostname="ip-172-31-32-197" name="com.ecom.webapp.AssertionsTest" tests="2" failures="0" timestamp="2021-05-09T15:30:51 UTC" time="0.018" errors="0">
  <testcase name="softAssert" time="0.007" classname="com.ecom.webapp.AssertionsTest"/>
  <system-out/>
  <testcase name="hardAssert" time="0.011" classname="com.ecom.webapp.AssertionsTest"/>
  <system-out/>
</testsuite> <!-- com.ecom.webapp.AssertionsTest -->
