<?xml version="1.0" encoding="UTF-8"?>
<!-- Generated by org.testng.reporters.JUnitReportReporter -->
<testsuite skipped="0" hostname="ip-172-31-32-197" name="com.ecom.webapp.SoftAssertWithFaceBookLogin" tests="3" failures="0" timestamp="2021-05-09T15:39:46 UTC" time="10.261" errors="0">
  <testcase name="launchFireFoxTest" time="3.929" classname="com.ecom.webapp.SoftAssertWithFaceBookLogin"/>
  <system-out/>
  <testcase name="testFacebookHomePageTitle" time="0.036" classname="com.ecom.webapp.SoftAssertWithFaceBookLogin"/>
  <system-out/>
  <testcase name="testFacebookLogin" time="6.296" classname="com.ecom.webapp.SoftAssertWithFaceBookLogin"/>
  <system-out/>
</testsuite> <!-- com.ecom.webapp.SoftAssertWithFaceBookLogin -->
