<?xml version="1.0" encoding="UTF-8"?>
<!-- Generated by org.testng.reporters.JUnitReportReporter -->
<testsuite skipped="0" hostname="ip-172-31-32-197" name="com.ecom.webapp.AmazonHomePageTest" tests="2" failures="0" timestamp="2021-05-08T17:28:49 UTC" time="11.465" errors="0">
  <testcase name="testAmazonSourceURL" time="6.494" classname="com.ecom.webapp.AmazonHomePageTest"/>
  <system-out/>
  <testcase name="testAmazonHomePageTitleTest" time="4.971" classname="com.ecom.webapp.AmazonHomePageTest"/>
  <system-out/>
</testsuite> <!-- com.ecom.webapp.AmazonHomePageTest -->
