<?xml version="1.0" encoding="UTF-8"?>
<!-- Generated by org.testng.reporters.JUnitReportReporter -->
<testsuite skipped="0" hostname="ip-172-31-32-197" name="com.ecom.webapp.TestNgGroupTest" tests="6" failures="0" timestamp="2021-05-09T15:11:28 UTC" time="12.842" errors="0">
  <testcase name="lauchChromeTest" time="2.459" classname="com.ecom.webapp.TestNgGroupTest"/>
  <system-out/>
  <testcase name="launchFireFoxTest" time="3.845" classname="com.ecom.webapp.TestNgGroupTest"/>
  <system-out/>
  <testcase name="testAmazonHomePageTitle" time="0.030" classname="com.ecom.webapp.TestNgGroupTest"/>
  <system-out/>
  <testcase name="testFacebookLogin" time="6.358" classname="com.ecom.webapp.TestNgGroupTest"/>
  <system-out/>
  <testcase name="testFacebookHomePageTitle" time="0.008" classname="com.ecom.webapp.TestNgGroupTest"/>
  <system-out/>
  <testcase name="testAmazonSourceURL" time="0.142" classname="com.ecom.webapp.TestNgGroupTest"/>
  <system-out/>
</testsuite> <!-- com.ecom.webapp.TestNgGroupTest -->
