<?xml version="1.0" encoding="UTF-8"?>
<!-- Generated by org.testng.reporters.JUnitReportReporter -->
<testsuite skipped="0" hostname="ip-172-31-32-197" name="com.ecom.webapp.TestNgSatandardAnnotationsTest" tests="3" failures="0" timestamp="2021-05-08T17:15:36 UTC" time="0.013" errors="0">
  <testcase name="testOne" time="0.006" classname="com.ecom.webapp.TestNgSatandardAnnotationsTest"/>
  <system-out/>
  <testcase name="testThree" time="0.006" classname="com.ecom.webapp.TestNgSatandardAnnotationsTest"/>
  <system-out/>
  <testcase name="testTwo" time="0.001" classname="com.ecom.webapp.TestNgSatandardAnnotationsTest"/>
  <system-out/>
</testsuite> <!-- com.ecom.webapp.TestNgSatandardAnnotationsTest -->
